0 info it worked if it ends with ok
1 verbose cli [ 'C:\\Program Files\\nodejs\\node.exe',
1 verbose cli   'C:\\Program Files\\nodejs\\node_modules\\npm\\bin\\npm-cli.js',
1 verbose cli   'install',
1 verbose cli   'hexo-asset-image',
1 verbose cli   '--save' ]
2 info using npm@3.10.3
3 info using node@v6.3.0
4 silly loadCurrentTree Starting
5 silly install loadCurrentTree
6 silly install readLocalPackageData
7 silly fetchPackageMetaData hexo-asset-image
8 silly fetchNamedPackageData hexo-asset-image
9 silly mapToRegistry name hexo-asset-image
10 silly mapToRegistry using default registry
11 silly mapToRegistry registry https://registry.npmjs.org/
12 silly mapToRegistry data Result {
12 silly mapToRegistry   raw: 'hexo-asset-image',
12 silly mapToRegistry   scope: null,
12 silly mapToRegistry   escapedName: 'hexo-asset-image',
12 silly mapToRegistry   name: 'hexo-asset-image',
12 silly mapToRegistry   rawSpec: '',
12 silly mapToRegistry   spec: 'latest',
12 silly mapToRegistry   type: 'tag' }
13 silly mapToRegistry uri https://registry.npmjs.org/hexo-asset-image
14 verbose request uri https://registry.npmjs.org/hexo-asset-image
15 verbose request no auth needed
16 info attempt registry request try #1 at 17:41:39
17 verbose request id 5296163a81e96b1d
18 verbose etag "749TSZD5VNPO9KVBH8P3STDFI"
19 http request GET https://registry.npmjs.org/hexo-asset-image
20 http 304 https://registry.npmjs.org/hexo-asset-image
21 verbose headers { date: 'Sat, 16 Jul 2016 09:41:39 GMT',
21 verbose headers   via: '1.1 varnish',
21 verbose headers   'cache-control': 'max-age=300',
21 verbose headers   etag: '"749TSZD5VNPO9KVBH8P3STDFI"',
21 verbose headers   age: '89',
21 verbose headers   connection: 'keep-alive',
21 verbose headers   'x-served-by': 'cache-hkg6824-HKG',
21 verbose headers   'x-cache': 'HIT',
21 verbose headers   'x-cache-hits': '1',
21 verbose headers   'x-timer': 'S1468662099.964652,VS0,VE0',
21 verbose headers   vary: 'Accept-Encoding' }
22 silly get cb [ 304,
22 silly get   { date: 'Sat, 16 Jul 2016 09:41:39 GMT',
22 silly get     via: '1.1 varnish',
22 silly get     'cache-control': 'max-age=300',
22 silly get     etag: '"749TSZD5VNPO9KVBH8P3STDFI"',
22 silly get     age: '89',
22 silly get     connection: 'keep-alive',
22 silly get     'x-served-by': 'cache-hkg6824-HKG',
22 silly get     'x-cache': 'HIT',
22 silly get     'x-cache-hits': '1',
22 silly get     'x-timer': 'S1468662099.964652,VS0,VE0',
22 silly get     vary: 'Accept-Encoding' } ]
23 verbose etag https://registry.npmjs.org/hexo-asset-image from cache
24 verbose get saving hexo-asset-image to C:\Users\Mr Du\AppData\Roaming\npm-cache\registry.npmjs.org\hexo-asset-image\.cache.json
25 verbose correctMkdir C:\Users\Mr Du\AppData\Roaming\npm-cache correctMkdir not in flight; initializing
26 silly install normalizeTree
27 silly loadCurrentTree Finishing
28 silly loadIdealTree Starting
29 silly install loadIdealTree
30 silly cloneCurrentTree Starting
31 silly install cloneCurrentTreeToIdealTree
32 silly cloneCurrentTree Finishing
33 silly loadShrinkwrap Starting
34 silly install loadShrinkwrap
35 silly loadShrinkwrap Finishing
36 silly loadAllDepsIntoIdealTree Starting
37 silly install loadAllDepsIntoIdealTree
38 silly resolveWithNewModule hexo-asset-image@0.0.2 checking installable status
39 silly cache add args [ 'hexo-asset-image', null ]
40 verbose cache add spec hexo-asset-image
41 silly cache add parsed spec Result {
41 silly cache add   raw: 'hexo-asset-image',
41 silly cache add   scope: null,
41 silly cache add   escapedName: 'hexo-asset-image',
41 silly cache add   name: 'hexo-asset-image',
41 silly cache add   rawSpec: '',
41 silly cache add   spec: 'latest',
41 silly cache add   type: 'tag' }
42 silly addNamed hexo-asset-image@latest
43 verbose addNamed "latest" is being treated as a dist-tag for hexo-asset-image
44 info addNameTag [ 'hexo-asset-image', 'latest' ]
45 silly mapToRegistry name hexo-asset-image
46 silly mapToRegistry using default registry
47 silly mapToRegistry registry https://registry.npmjs.org/
48 silly mapToRegistry data Result {
48 silly mapToRegistry   raw: 'hexo-asset-image',
48 silly mapToRegistry   scope: null,
48 silly mapToRegistry   escapedName: 'hexo-asset-image',
48 silly mapToRegistry   name: 'hexo-asset-image',
48 silly mapToRegistry   rawSpec: '',
48 silly mapToRegistry   spec: 'latest',
48 silly mapToRegistry   type: 'tag' }
49 silly mapToRegistry uri https://registry.npmjs.org/hexo-asset-image
50 verbose addNameTag registry:https://registry.npmjs.org/hexo-asset-image not in flight; fetching
51 verbose get https://registry.npmjs.org/hexo-asset-image not expired, no request
52 silly addNameTag next cb for hexo-asset-image with tag latest
53 silly addNamed hexo-asset-image@0.0.2
54 verbose addNamed "0.0.2" is a plain semver version for hexo-asset-image
55 silly cache afterAdd hexo-asset-image@0.0.2
56 verbose afterAdd C:\Users\Mr Du\AppData\Roaming\npm-cache\hexo-asset-image\0.0.2\package\package.json not in flight; writing
57 verbose correctMkdir C:\Users\Mr Du\AppData\Roaming\npm-cache correctMkdir not in flight; initializing
58 verbose afterAdd C:\Users\Mr Du\AppData\Roaming\npm-cache\hexo-asset-image\0.0.2\package\package.json written
59 silly fetchNamedPackageData cheerio
60 silly mapToRegistry name cheerio
61 silly mapToRegistry using default registry
62 silly mapToRegistry registry https://registry.npmjs.org/
63 silly mapToRegistry data Result {
63 silly mapToRegistry   raw: 'cheerio',
63 silly mapToRegistry   scope: null,
63 silly mapToRegistry   escapedName: 'cheerio',
63 silly mapToRegistry   name: 'cheerio',
63 silly mapToRegistry   rawSpec: '',
63 silly mapToRegistry   spec: 'latest',
63 silly mapToRegistry   type: 'tag' }
64 silly mapToRegistry uri https://registry.npmjs.org/cheerio
65 verbose request uri https://registry.npmjs.org/cheerio
66 verbose request no auth needed
67 info attempt registry request try #1 at 17:41:39
68 verbose etag "C8HEL26BXSKWK5HEBEUGZU2Z7"
69 http request GET https://registry.npmjs.org/cheerio
70 http 304 https://registry.npmjs.org/cheerio
71 verbose headers { date: 'Sat, 16 Jul 2016 09:41:40 GMT',
71 verbose headers   via: '1.1 varnish',
71 verbose headers   'cache-control': 'max-age=300',
71 verbose headers   etag: '"C8HEL26BXSKWK5HEBEUGZU2Z7"',
71 verbose headers   age: '0',
71 verbose headers   connection: 'keep-alive',
71 verbose headers   'x-served-by': 'cache-hkg6824-HKG',
71 verbose headers   'x-cache': 'HIT',
71 verbose headers   'x-cache-hits': '1',
71 verbose headers   'x-timer': 'S1468662100.256351,VS0,VE762',
71 verbose headers   vary: 'Accept-Encoding' }
72 silly get cb [ 304,
72 silly get   { date: 'Sat, 16 Jul 2016 09:41:40 GMT',
72 silly get     via: '1.1 varnish',
72 silly get     'cache-control': 'max-age=300',
72 silly get     etag: '"C8HEL26BXSKWK5HEBEUGZU2Z7"',
72 silly get     age: '0',
72 silly get     connection: 'keep-alive',
72 silly get     'x-served-by': 'cache-hkg6824-HKG',
72 silly get     'x-cache': 'HIT',
72 silly get     'x-cache-hits': '1',
72 silly get     'x-timer': 'S1468662100.256351,VS0,VE762',
72 silly get     vary: 'Accept-Encoding' } ]
73 verbose etag https://registry.npmjs.org/cheerio from cache
74 verbose get saving cheerio to C:\Users\Mr Du\AppData\Roaming\npm-cache\registry.npmjs.org\cheerio\.cache.json
75 verbose correctMkdir C:\Users\Mr Du\AppData\Roaming\npm-cache correctMkdir not in flight; initializing
76 silly resolveWithNewModule cheerio@0.19.0 checking installable status
77 silly cache add args [ 'cheerio@^0.19.0', null ]
78 verbose cache add spec cheerio@^0.19.0
79 silly cache add parsed spec Result {
79 silly cache add   raw: 'cheerio@^0.19.0',
79 silly cache add   scope: null,
79 silly cache add   escapedName: 'cheerio',
79 silly cache add   name: 'cheerio',
79 silly cache add   rawSpec: '^0.19.0',
79 silly cache add   spec: '>=0.19.0 <0.20.0',
79 silly cache add   type: 'range' }
80 silly addNamed cheerio@>=0.19.0 <0.20.0
81 verbose addNamed ">=0.19.0 <0.20.0" is a valid semver range for cheerio
82 silly addNameRange { name: 'cheerio', range: '>=0.19.0 <0.20.0', hasData: false }
83 silly mapToRegistry name cheerio
84 silly mapToRegistry using default registry
85 silly mapToRegistry registry https://registry.npmjs.org/
86 silly mapToRegistry data Result {
86 silly mapToRegistry   raw: 'cheerio',
86 silly mapToRegistry   scope: null,
86 silly mapToRegistry   escapedName: 'cheerio',
86 silly mapToRegistry   name: 'cheerio',
86 silly mapToRegistry   rawSpec: '',
86 silly mapToRegistry   spec: 'latest',
86 silly mapToRegistry   type: 'tag' }
87 silly mapToRegistry uri https://registry.npmjs.org/cheerio
88 verbose addNameRange registry:https://registry.npmjs.org/cheerio not in flight; fetching
89 verbose get https://registry.npmjs.org/cheerio not expired, no request
90 silly addNameRange number 2 { name: 'cheerio', range: '>=0.19.0 <0.20.0', hasData: true }
91 silly addNameRange versions [ 'cheerio',
91 silly addNameRange   [ '0.0.1',
91 silly addNameRange     '0.0.2',
91 silly addNameRange     '0.0.3',
91 silly addNameRange     '0.0.4',
91 silly addNameRange     '0.1.1',
91 silly addNameRange     '0.1.2',
91 silly addNameRange     '0.1.3',
91 silly addNameRange     '0.1.4',
91 silly addNameRange     '0.1.5',
91 silly addNameRange     '0.2.0',
91 silly addNameRange     '0.2.1',
91 silly addNameRange     '0.2.2',
91 silly addNameRange     '0.3.0',
91 silly addNameRange     '0.3.1',
91 silly addNameRange     '0.3.2',
91 silly addNameRange     '0.4.0',
91 silly addNameRange     '0.4.1',
91 silly addNameRange     '0.4.2',
91 silly addNameRange     '0.5.0',
91 silly addNameRange     '0.5.1',
91 silly addNameRange     '0.5.2',
91 silly addNameRange     '0.6.0',
91 silly addNameRange     '0.6.1',
91 silly addNameRange     '0.6.2',
91 silly addNameRange     '0.7.0',
91 silly addNameRange     '0.8.0',
91 silly addNameRange     '0.8.1',
91 silly addNameRange     '0.8.2',
91 silly addNameRange     '0.8.3',
91 silly addNameRange     '0.9.0',
91 silly addNameRange     '0.9.1',
91 silly addNameRange     '0.9.2',
91 silly addNameRange     '0.10.0',
91 silly addNameRange     '0.10.1',
91 silly addNameRange     '0.10.2',
91 silly addNameRange     '0.10.3',
91 silly addNameRange     '0.10.4',
91 silly addNameRange     '0.10.5',
91 silly addNameRange     '0.10.6',
91 silly addNameRange     '0.10.7',
91 silly addNameRange     '0.10.8',
91 silly addNameRange     '0.11.0',
91 silly addNameRange     '0.12.0',
91 silly addNameRange     '0.12.1',
91 silly addNameRange     '0.12.2',
91 silly addNameRange     '0.12.3',
91 silly addNameRange     '0.12.4',
91 silly addNameRange     '0.13.0',
91 silly addNameRange     '0.13.1',
91 silly addNameRange     '0.14.0',
91 silly addNameRange     '0.15.0',
91 silly addNameRange     '0.16.0',
91 silly addNameRange     '0.17.0',
91 silly addNameRange     '0.18.0',
91 silly addNameRange     '0.19.0',
91 silly addNameRange     '0.20.0' ] ]
92 silly addNamed cheerio@0.19.0
93 verbose addNamed "0.19.0" is a plain semver version for cheerio
94 silly cache afterAdd cheerio@0.19.0
95 verbose afterAdd C:\Users\Mr Du\AppData\Roaming\npm-cache\cheerio\0.19.0\package\package.json not in flight; writing
96 verbose correctMkdir C:\Users\Mr Du\AppData\Roaming\npm-cache correctMkdir not in flight; initializing
97 verbose afterAdd C:\Users\Mr Du\AppData\Roaming\npm-cache\cheerio\0.19.0\package\package.json written
98 silly fetchNamedPackageData css-select
99 silly mapToRegistry name css-select
100 silly mapToRegistry using default registry
101 silly mapToRegistry registry https://registry.npmjs.org/
102 silly mapToRegistry data Result {
102 silly mapToRegistry   raw: 'css-select',
102 silly mapToRegistry   scope: null,
102 silly mapToRegistry   escapedName: 'css-select',
102 silly mapToRegistry   name: 'css-select',
102 silly mapToRegistry   rawSpec: '',
102 silly mapToRegistry   spec: 'latest',
102 silly mapToRegistry   type: 'tag' }
103 silly mapToRegistry uri https://registry.npmjs.org/css-select
104 silly fetchNamedPackageData lodash
105 silly mapToRegistry name lodash
106 silly mapToRegistry using default registry
107 silly mapToRegistry registry https://registry.npmjs.org/
108 silly mapToRegistry data Result {
108 silly mapToRegistry   raw: 'lodash',
108 silly mapToRegistry   scope: null,
108 silly mapToRegistry   escapedName: 'lodash',
108 silly mapToRegistry   name: 'lodash',
108 silly mapToRegistry   rawSpec: '',
108 silly mapToRegistry   spec: 'latest',
108 silly mapToRegistry   type: 'tag' }
109 silly mapToRegistry uri https://registry.npmjs.org/lodash
110 verbose request uri https://registry.npmjs.org/css-select
111 verbose request no auth needed
112 info attempt registry request try #1 at 17:41:40
113 verbose etag "6P5T0CUHYUNBUAUIJP7K9T26W"
114 http request GET https://registry.npmjs.org/css-select
115 verbose request uri https://registry.npmjs.org/lodash
116 verbose request no auth needed
117 info attempt registry request try #1 at 17:41:40
118 verbose etag "VIXS44G8FFPIRRMXL2TIBAM8"
119 http request GET https://registry.npmjs.org/lodash
120 http 304 https://registry.npmjs.org/css-select
121 verbose headers { date: 'Sat, 16 Jul 2016 09:41:41 GMT',
121 verbose headers   via: '1.1 varnish',
121 verbose headers   'cache-control': 'max-age=300',
121 verbose headers   etag: '"6P5T0CUHYUNBUAUIJP7K9T26W"',
121 verbose headers   age: '180',
121 verbose headers   connection: 'keep-alive',
121 verbose headers   'x-served-by': 'cache-hkg6824-HKG',
121 verbose headers   'x-cache': 'HIT',
121 verbose headers   'x-cache-hits': '3',
121 verbose headers   'x-timer': 'S1468662101.094325,VS0,VE0',
121 verbose headers   vary: 'Accept-Encoding' }
122 silly get cb [ 304,
122 silly get   { date: 'Sat, 16 Jul 2016 09:41:41 GMT',
122 silly get     via: '1.1 varnish',
122 silly get     'cache-control': 'max-age=300',
122 silly get     etag: '"6P5T0CUHYUNBUAUIJP7K9T26W"',
122 silly get     age: '180',
122 silly get     connection: 'keep-alive',
122 silly get     'x-served-by': 'cache-hkg6824-HKG',
122 silly get     'x-cache': 'HIT',
122 silly get     'x-cache-hits': '3',
122 silly get     'x-timer': 'S1468662101.094325,VS0,VE0',
122 silly get     vary: 'Accept-Encoding' } ]
123 verbose etag https://registry.npmjs.org/css-select from cache
124 verbose get saving css-select to C:\Users\Mr Du\AppData\Roaming\npm-cache\registry.npmjs.org\css-select\.cache.json
125 verbose correctMkdir C:\Users\Mr Du\AppData\Roaming\npm-cache correctMkdir not in flight; initializing
126 silly resolveWithNewModule css-select@1.0.0 checking installable status
127 silly cache add args [ 'css-select@~1.0.0', null ]
128 verbose cache add spec css-select@~1.0.0
129 silly cache add parsed spec Result {
129 silly cache add   raw: 'css-select@~1.0.0',
129 silly cache add   scope: null,
129 silly cache add   escapedName: 'css-select',
129 silly cache add   name: 'css-select',
129 silly cache add   rawSpec: '~1.0.0',
129 silly cache add   spec: '>=1.0.0 <1.1.0',
129 silly cache add   type: 'range' }
130 silly addNamed css-select@>=1.0.0 <1.1.0
131 verbose addNamed ">=1.0.0 <1.1.0" is a valid semver range for css-select
132 silly addNameRange { name: 'css-select', range: '>=1.0.0 <1.1.0', hasData: false }
133 silly mapToRegistry name css-select
134 silly mapToRegistry using default registry
135 silly mapToRegistry registry https://registry.npmjs.org/
136 silly mapToRegistry data Result {
136 silly mapToRegistry   raw: 'css-select',
136 silly mapToRegistry   scope: null,
136 silly mapToRegistry   escapedName: 'css-select',
136 silly mapToRegistry   name: 'css-select',
136 silly mapToRegistry   rawSpec: '',
136 silly mapToRegistry   spec: 'latest',
136 silly mapToRegistry   type: 'tag' }
137 silly mapToRegistry uri https://registry.npmjs.org/css-select
138 verbose addNameRange registry:https://registry.npmjs.org/css-select not in flight; fetching
139 verbose get https://registry.npmjs.org/css-select not expired, no request
140 silly addNameRange number 2 { name: 'css-select', range: '>=1.0.0 <1.1.0', hasData: true }
141 silly addNameRange versions [ 'css-select', [ '1.0.0', '1.1.0', '1.2.0' ] ]
142 silly addNamed css-select@1.0.0
143 verbose addNamed "1.0.0" is a plain semver version for css-select
144 silly cache afterAdd css-select@1.0.0
145 verbose afterAdd C:\Users\Mr Du\AppData\Roaming\npm-cache\css-select\1.0.0\package\package.json not in flight; writing
146 verbose correctMkdir C:\Users\Mr Du\AppData\Roaming\npm-cache correctMkdir not in flight; initializing
147 verbose afterAdd C:\Users\Mr Du\AppData\Roaming\npm-cache\css-select\1.0.0\package\package.json written
148 http 304 https://registry.npmjs.org/lodash
149 verbose headers { date: 'Sat, 16 Jul 2016 09:41:41 GMT',
149 verbose headers   via: '1.1 varnish',
149 verbose headers   'cache-control': 'max-age=300',
149 verbose headers   etag: '"VIXS44G8FFPIRRMXL2TIBAM8"',
149 verbose headers   age: '225',
149 verbose headers   connection: 'keep-alive',
149 verbose headers   'x-served-by': 'cache-hkg6822-HKG',
149 verbose headers   'x-cache': 'HIT',
149 verbose headers   'x-cache-hits': '7',
149 verbose headers   'x-timer': 'S1468662101.122475,VS0,VE0',
149 verbose headers   vary: 'Accept-Encoding' }
150 silly get cb [ 304,
150 silly get   { date: 'Sat, 16 Jul 2016 09:41:41 GMT',
150 silly get     via: '1.1 varnish',
150 silly get     'cache-control': 'max-age=300',
150 silly get     etag: '"VIXS44G8FFPIRRMXL2TIBAM8"',
150 silly get     age: '225',
150 silly get     connection: 'keep-alive',
150 silly get     'x-served-by': 'cache-hkg6822-HKG',
150 silly get     'x-cache': 'HIT',
150 silly get     'x-cache-hits': '7',
150 silly get     'x-timer': 'S1468662101.122475,VS0,VE0',
150 silly get     vary: 'Accept-Encoding' } ]
151 verbose etag https://registry.npmjs.org/lodash from cache
152 verbose get saving lodash to C:\Users\Mr Du\AppData\Roaming\npm-cache\registry.npmjs.org\lodash\.cache.json
153 verbose correctMkdir C:\Users\Mr Du\AppData\Roaming\npm-cache correctMkdir not in flight; initializing
154 silly resolveWithNewModule lodash@3.10.1 checking installable status
155 silly cache add args [ 'lodash@^3.2.0', null ]
156 verbose cache add spec lodash@^3.2.0
157 silly cache add parsed spec Result {
157 silly cache add   raw: 'lodash@^3.2.0',
157 silly cache add   scope: null,
157 silly cache add   escapedName: 'lodash',
157 silly cache add   name: 'lodash',
157 silly cache add   rawSpec: '^3.2.0',
157 silly cache add   spec: '>=3.2.0 <4.0.0',
157 silly cache add   type: 'range' }
158 silly addNamed lodash@>=3.2.0 <4.0.0
159 verbose addNamed ">=3.2.0 <4.0.0" is a valid semver range for lodash
160 silly addNameRange { name: 'lodash', range: '>=3.2.0 <4.0.0', hasData: false }
161 silly mapToRegistry name lodash
162 silly mapToRegistry using default registry
163 silly mapToRegistry registry https://registry.npmjs.org/
164 silly mapToRegistry data Result {
164 silly mapToRegistry   raw: 'lodash',
164 silly mapToRegistry   scope: null,
164 silly mapToRegistry   escapedName: 'lodash',
164 silly mapToRegistry   name: 'lodash',
164 silly mapToRegistry   rawSpec: '',
164 silly mapToRegistry   spec: 'latest',
164 silly mapToRegistry   type: 'tag' }
165 silly mapToRegistry uri https://registry.npmjs.org/lodash
166 verbose addNameRange registry:https://registry.npmjs.org/lodash not in flight; fetching
167 verbose get https://registry.npmjs.org/lodash not expired, no request
168 silly addNameRange number 2 { name: 'lodash', range: '>=3.2.0 <4.0.0', hasData: true }
169 silly addNameRange versions [ 'lodash',
169 silly addNameRange   [ '0.1.0',
169 silly addNameRange     '0.2.0',
169 silly addNameRange     '0.2.1',
169 silly addNameRange     '0.2.2',
169 silly addNameRange     '0.3.0',
169 silly addNameRange     '0.3.1',
169 silly addNameRange     '0.3.2',
169 silly addNameRange     '0.4.0',
169 silly addNameRange     '0.4.1',
169 silly addNameRange     '0.4.2',
169 silly addNameRange     '0.5.0-rc.1',
169 silly addNameRange     '0.5.0',
169 silly addNameRange     '0.5.1',
169 silly addNameRange     '0.5.2',
169 silly addNameRange     '0.6.0',
169 silly addNameRange     '0.6.1',
169 silly addNameRange     '0.7.0',
169 silly addNameRange     '0.8.0',
169 silly addNameRange     '0.8.1',
169 silly addNameRange     '0.8.2',
169 silly addNameRange     '0.9.0',
169 silly addNameRange     '0.9.1',
169 silly addNameRange     '0.9.2',
169 silly addNameRange     '0.10.0',
169 silly addNameRange     '1.0.0-rc.1',
169 silly addNameRange     '1.0.0-rc.2',
169 silly addNameRange     '1.0.0-rc.3',
169 silly addNameRange     '1.0.0',
169 silly addNameRange     '1.0.1',
169 silly addNameRange     '1.1.0',
169 silly addNameRange     '1.1.1',
169 silly addNameRange     '1.2.0',
169 silly addNameRange     '1.2.1',
169 silly addNameRange     '1.3.0',
169 silly addNameRange     '1.3.1',
169 silly addNameRange     '2.0.0',
169 silly addNameRange     '2.1.0',
169 silly addNameRange     '2.2.0',
169 silly addNameRange     '2.2.1',
169 silly addNameRange     '2.3.0',
169 silly addNameRange     '2.4.0',
169 silly addNameRange     '2.4.1',
169 silly addNameRange     '3.0.0',
169 silly addNameRange     '3.0.1',
169 silly addNameRange     '3.1.0',
169 silly addNameRange     '3.2.0',
169 silly addNameRange     '3.3.0',
169 silly addNameRange     '3.3.1',
169 silly addNameRange     '3.4.0',
169 silly addNameRange     '3.5.0',
169 silly addNameRange     '3.6.0',
169 silly addNameRange     '1.0.2',
169 silly addNameRange     '3.7.0',
169 silly addNameRange     '2.4.2',
169 silly addNameRange     '3.8.0',
169 silly addNameRange     '3.9.0',
169 silly addNameRange     '3.9.1',
169 silly addNameRange     '3.9.2',
169 silly addNameRange     '3.9.3',
169 silly addNameRange     '3.10.0',
169 silly addNameRange     '3.10.1',
169 silly addNameRange     '4.0.0',
169 silly addNameRange     '4.0.1',
169 silly addNameRange     '4.1.0',
169 silly addNameRange     '4.2.0',
169 silly addNameRange     '4.2.1',
169 silly addNameRange     '4.3.0',
169 silly addNameRange     '4.4.0',
169 silly addNameRange     '4.5.0',
169 silly addNameRange     '4.5.1',
169 silly addNameRange     '4.6.0',
169 silly addNameRange     '4.6.1',
169 silly addNameRange     '4.7.0',
169 silly addNameRange     '4.8.0',
169 silly addNameRange     '4.8.1',
169 silly addNameRange     '4.8.2',
169 silly addNameRange     '4.9.0',
169 silly addNameRange     '4.10.0',
169 silly addNameRange     '4.11.0',
169 silly addNameRange     '4.11.1',
169 silly addNameRange     '4.11.2',
169 silly addNameRange     '4.12.0',
169 silly addNameRange     '4.13.0',
169 silly addNameRange     '4.13.1' ] ]
170 silly addNamed lodash@3.10.1
171 verbose addNamed "3.10.1" is a plain semver version for lodash
172 silly cache afterAdd lodash@3.10.1
173 verbose afterAdd C:\Users\Mr Du\AppData\Roaming\npm-cache\lodash\3.10.1\package\package.json not in flight; writing
174 verbose correctMkdir C:\Users\Mr Du\AppData\Roaming\npm-cache correctMkdir not in flight; initializing
175 verbose afterAdd C:\Users\Mr Du\AppData\Roaming\npm-cache\lodash\3.10.1\package\package.json written
176 silly fetchNamedPackageData css-what
177 silly mapToRegistry name css-what
178 silly mapToRegistry using default registry
179 silly mapToRegistry registry https://registry.npmjs.org/
180 silly mapToRegistry data Result {
180 silly mapToRegistry   raw: 'css-what',
180 silly mapToRegistry   scope: null,
180 silly mapToRegistry   escapedName: 'css-what',
180 silly mapToRegistry   name: 'css-what',
180 silly mapToRegistry   rawSpec: '',
180 silly mapToRegistry   spec: 'latest',
180 silly mapToRegistry   type: 'tag' }
181 silly mapToRegistry uri https://registry.npmjs.org/css-what
182 silly fetchNamedPackageData domutils
183 silly mapToRegistry name domutils
184 silly mapToRegistry using default registry
185 silly mapToRegistry registry https://registry.npmjs.org/
186 silly mapToRegistry data Result {
186 silly mapToRegistry   raw: 'domutils',
186 silly mapToRegistry   scope: null,
186 silly mapToRegistry   escapedName: 'domutils',
186 silly mapToRegistry   name: 'domutils',
186 silly mapToRegistry   rawSpec: '',
186 silly mapToRegistry   spec: 'latest',
186 silly mapToRegistry   type: 'tag' }
187 silly mapToRegistry uri https://registry.npmjs.org/domutils
188 verbose request uri https://registry.npmjs.org/domutils
189 verbose request no auth needed
190 info attempt registry request try #1 at 17:41:40
191 verbose etag "DEDBJTHGW9Y0ZH23SCVHKGJ3Y"
192 http request GET https://registry.npmjs.org/domutils
193 verbose request uri https://registry.npmjs.org/css-what
194 verbose request no auth needed
195 info attempt registry request try #1 at 17:41:40
196 verbose etag "XAIA8HA7XLDSSOOC984NQ1LS"
197 http request GET https://registry.npmjs.org/css-what
198 http 304 https://registry.npmjs.org/domutils
199 verbose headers { date: 'Sat, 16 Jul 2016 09:41:41 GMT',
199 verbose headers   via: '1.1 varnish',
199 verbose headers   'cache-control': 'max-age=300',
199 verbose headers   etag: '"DEDBJTHGW9Y0ZH23SCVHKGJ3Y"',
199 verbose headers   age: '266',
199 verbose headers   connection: 'keep-alive',
199 verbose headers   'x-served-by': 'cache-hkg6824-HKG',
199 verbose headers   'x-cache': 'HIT',
199 verbose headers   'x-cache-hits': '7',
199 verbose headers   'x-timer': 'S1468662101.234665,VS0,VE0',
199 verbose headers   vary: 'Accept-Encoding' }
200 silly get cb [ 304,
200 silly get   { date: 'Sat, 16 Jul 2016 09:41:41 GMT',
200 silly get     via: '1.1 varnish',
200 silly get     'cache-control': 'max-age=300',
200 silly get     etag: '"DEDBJTHGW9Y0ZH23SCVHKGJ3Y"',
200 silly get     age: '266',
200 silly get     connection: 'keep-alive',
200 silly get     'x-served-by': 'cache-hkg6824-HKG',
200 silly get     'x-cache': 'HIT',
200 silly get     'x-cache-hits': '7',
200 silly get     'x-timer': 'S1468662101.234665,VS0,VE0',
200 silly get     vary: 'Accept-Encoding' } ]
201 verbose etag https://registry.npmjs.org/domutils from cache
202 verbose get saving domutils to C:\Users\Mr Du\AppData\Roaming\npm-cache\registry.npmjs.org\domutils\.cache.json
203 verbose correctMkdir C:\Users\Mr Du\AppData\Roaming\npm-cache correctMkdir not in flight; initializing
204 http 304 https://registry.npmjs.org/css-what
205 verbose headers { date: 'Sat, 16 Jul 2016 09:41:41 GMT',
205 verbose headers   via: '1.1 varnish',
205 verbose headers   'cache-control': 'max-age=300',
205 verbose headers   etag: '"XAIA8HA7XLDSSOOC984NQ1LS"',
205 verbose headers   age: '177',
205 verbose headers   connection: 'keep-alive',
205 verbose headers   'x-served-by': 'cache-hkg6822-HKG',
205 verbose headers   'x-cache': 'HIT',
205 verbose headers   'x-cache-hits': '53',
205 verbose headers   'x-timer': 'S1468662101.233888,VS0,VE0',
205 verbose headers   vary: 'Accept-Encoding' }
206 silly get cb [ 304,
206 silly get   { date: 'Sat, 16 Jul 2016 09:41:41 GMT',
206 silly get     via: '1.1 varnish',
206 silly get     'cache-control': 'max-age=300',
206 silly get     etag: '"XAIA8HA7XLDSSOOC984NQ1LS"',
206 silly get     age: '177',
206 silly get     connection: 'keep-alive',
206 silly get     'x-served-by': 'cache-hkg6822-HKG',
206 silly get     'x-cache': 'HIT',
206 silly get     'x-cache-hits': '53',
206 silly get     'x-timer': 'S1468662101.233888,VS0,VE0',
206 silly get     vary: 'Accept-Encoding' } ]
207 verbose etag https://registry.npmjs.org/css-what from cache
208 verbose get saving css-what to C:\Users\Mr Du\AppData\Roaming\npm-cache\registry.npmjs.org\css-what\.cache.json
209 verbose correctMkdir C:\Users\Mr Du\AppData\Roaming\npm-cache correctMkdir not in flight; initializing
210 silly resolveWithNewModule domutils@1.4.3 checking installable status
211 silly cache add args [ 'domutils@1.4', null ]
212 verbose cache add spec domutils@1.4
213 silly cache add parsed spec Result {
213 silly cache add   raw: 'domutils@1.4',
213 silly cache add   scope: null,
213 silly cache add   escapedName: 'domutils',
213 silly cache add   name: 'domutils',
213 silly cache add   rawSpec: '1.4',
213 silly cache add   spec: '>=1.4.0 <1.5.0',
213 silly cache add   type: 'range' }
214 silly addNamed domutils@>=1.4.0 <1.5.0
215 verbose addNamed ">=1.4.0 <1.5.0" is a valid semver range for domutils
216 silly addNameRange { name: 'domutils', range: '>=1.4.0 <1.5.0', hasData: false }
217 silly mapToRegistry name domutils
218 silly mapToRegistry using default registry
219 silly mapToRegistry registry https://registry.npmjs.org/
220 silly mapToRegistry data Result {
220 silly mapToRegistry   raw: 'domutils',
220 silly mapToRegistry   scope: null,
220 silly mapToRegistry   escapedName: 'domutils',
220 silly mapToRegistry   name: 'domutils',
220 silly mapToRegistry   rawSpec: '',
220 silly mapToRegistry   spec: 'latest',
220 silly mapToRegistry   type: 'tag' }
221 silly mapToRegistry uri https://registry.npmjs.org/domutils
222 verbose addNameRange registry:https://registry.npmjs.org/domutils not in flight; fetching
223 silly resolveWithNewModule css-what@1.0.0 checking installable status
224 silly cache add args [ 'css-what@1.0', null ]
225 verbose cache add spec css-what@1.0
226 silly cache add parsed spec Result {
226 silly cache add   raw: 'css-what@1.0',
226 silly cache add   scope: null,
226 silly cache add   escapedName: 'css-what',
226 silly cache add   name: 'css-what',
226 silly cache add   rawSpec: '1.0',
226 silly cache add   spec: '>=1.0.0 <1.1.0',
226 silly cache add   type: 'range' }
227 silly addNamed css-what@>=1.0.0 <1.1.0
228 verbose addNamed ">=1.0.0 <1.1.0" is a valid semver range for css-what
229 silly addNameRange { name: 'css-what', range: '>=1.0.0 <1.1.0', hasData: false }
230 silly mapToRegistry name css-what
231 silly mapToRegistry using default registry
232 silly mapToRegistry registry https://registry.npmjs.org/
233 silly mapToRegistry data Result {
233 silly mapToRegistry   raw: 'css-what',
233 silly mapToRegistry   scope: null,
233 silly mapToRegistry   escapedName: 'css-what',
233 silly mapToRegistry   name: 'css-what',
233 silly mapToRegistry   rawSpec: '',
233 silly mapToRegistry   spec: 'latest',
233 silly mapToRegistry   type: 'tag' }
234 silly mapToRegistry uri https://registry.npmjs.org/css-what
235 verbose addNameRange registry:https://registry.npmjs.org/css-what not in flight; fetching
236 verbose get https://registry.npmjs.org/domutils not expired, no request
237 silly addNameRange number 2 { name: 'domutils', range: '>=1.4.0 <1.5.0', hasData: true }
238 silly addNameRange versions [ 'domutils',
238 silly addNameRange   [ '1.0.0',
238 silly addNameRange     '1.0.1',
238 silly addNameRange     '1.1.0',
238 silly addNameRange     '1.1.1',
238 silly addNameRange     '1.1.2',
238 silly addNameRange     '1.1.3',
238 silly addNameRange     '1.1.4',
238 silly addNameRange     '1.1.5',
238 silly addNameRange     '1.1.6',
238 silly addNameRange     '1.2.0',
238 silly addNameRange     '1.2.1',
238 silly addNameRange     '1.2.2',
238 silly addNameRange     '1.3.0',
238 silly addNameRange     '1.4.0',
238 silly addNameRange     '1.4.1',
238 silly addNameRange     '1.4.2',
238 silly addNameRange     '1.4.3',
238 silly addNameRange     '1.5.0',
238 silly addNameRange     '1.5.1' ] ]
239 silly addNamed domutils@1.4.3
240 verbose addNamed "1.4.3" is a plain semver version for domutils
241 verbose get https://registry.npmjs.org/css-what not expired, no request
242 silly addNameRange number 2 { name: 'css-what', range: '>=1.0.0 <1.1.0', hasData: true }
243 silly addNameRange versions [ 'css-what', [ '1.0.0', '2.0.0', '2.0.1', '2.0.2', '2.1.0' ] ]
244 silly addNamed css-what@1.0.0
245 verbose addNamed "1.0.0" is a plain semver version for css-what
246 silly cache afterAdd domutils@1.4.3
247 verbose afterAdd C:\Users\Mr Du\AppData\Roaming\npm-cache\domutils\1.4.3\package\package.json not in flight; writing
248 verbose correctMkdir C:\Users\Mr Du\AppData\Roaming\npm-cache correctMkdir not in flight; initializing
249 silly cache afterAdd css-what@1.0.0
250 verbose afterAdd C:\Users\Mr Du\AppData\Roaming\npm-cache\css-what\1.0.0\package\package.json not in flight; writing
251 verbose correctMkdir C:\Users\Mr Du\AppData\Roaming\npm-cache correctMkdir not in flight; initializing
252 verbose afterAdd C:\Users\Mr Du\AppData\Roaming\npm-cache\domutils\1.4.3\package\package.json written
253 verbose afterAdd C:\Users\Mr Du\AppData\Roaming\npm-cache\css-what\1.0.0\package\package.json written
254 silly fetchNamedPackageData fsevents
255 silly mapToRegistry name fsevents
256 silly mapToRegistry using default registry
257 silly mapToRegistry registry https://registry.npmjs.org/
258 silly mapToRegistry data Result {
258 silly mapToRegistry   raw: 'fsevents',
258 silly mapToRegistry   scope: null,
258 silly mapToRegistry   escapedName: 'fsevents',
258 silly mapToRegistry   name: 'fsevents',
258 silly mapToRegistry   rawSpec: '',
258 silly mapToRegistry   spec: 'latest',
258 silly mapToRegistry   type: 'tag' }
259 silly mapToRegistry uri https://registry.npmjs.org/fsevents
260 verbose request uri https://registry.npmjs.org/fsevents
261 verbose request no auth needed
262 info attempt registry request try #1 at 17:41:40
263 verbose etag "97N36JBEGTOHZNPQNTFPNDJL"
264 http request GET https://registry.npmjs.org/fsevents
265 http 304 https://registry.npmjs.org/fsevents
266 verbose headers { date: 'Sat, 16 Jul 2016 09:41:41 GMT',
266 verbose headers   via: '1.1 varnish',
266 verbose headers   'cache-control': 'max-age=300',
266 verbose headers   etag: '"97N36JBEGTOHZNPQNTFPNDJL"',
266 verbose headers   age: '271',
266 verbose headers   connection: 'keep-alive',
266 verbose headers   'x-served-by': 'cache-hkg6824-HKG',
266 verbose headers   'x-cache': 'HIT',
266 verbose headers   'x-cache-hits': '5',
266 verbose headers   'x-timer': 'S1468662101.436160,VS0,VE0',
266 verbose headers   vary: 'Accept-Encoding' }
267 silly get cb [ 304,
267 silly get   { date: 'Sat, 16 Jul 2016 09:41:41 GMT',
267 silly get     via: '1.1 varnish',
267 silly get     'cache-control': 'max-age=300',
267 silly get     etag: '"97N36JBEGTOHZNPQNTFPNDJL"',
267 silly get     age: '271',
267 silly get     connection: 'keep-alive',
267 silly get     'x-served-by': 'cache-hkg6824-HKG',
267 silly get     'x-cache': 'HIT',
267 silly get     'x-cache-hits': '5',
267 silly get     'x-timer': 'S1468662101.436160,VS0,VE0',
267 silly get     vary: 'Accept-Encoding' } ]
268 verbose etag https://registry.npmjs.org/fsevents from cache
269 verbose get saving fsevents to C:\Users\Mr Du\AppData\Roaming\npm-cache\registry.npmjs.org\fsevents\.cache.json
270 verbose correctMkdir C:\Users\Mr Du\AppData\Roaming\npm-cache correctMkdir not in flight; initializing
271 silly resolveWithNewModule fsevents@1.0.13 checking installable status
272 silly loadAllDepsIntoIdealTree Finishing
273 silly loadIdealTree Finishing
274 silly currentTree hexo-site@0.0.0
274 silly currentTree +-- abab@1.0.3
274 silly currentTree +-- abbrev@1.0.9
274 silly currentTree +-- accepts@1.3.3
274 silly currentTree +-- acorn-globals@1.0.9
274 silly currentTree +-- acorn@2.7.0
274 silly currentTree +-- amdefine@1.0.0
274 silly currentTree +-- ansi-regex@2.0.0
274 silly currentTree +-- ansi-styles@2.2.1
274 silly currentTree +-- anymatch@1.3.0
274 silly currentTree +-- archy@1.0.0
274 silly currentTree +-- argparse@1.0.7
274 silly currentTree +-- arr-diff@2.0.0
274 silly currentTree +-- arr-flatten@1.0.1
274 silly currentTree +-- array-unique@0.2.1
274 silly currentTree +-- arrify@1.0.1
274 silly currentTree +-- asap@2.0.4
274 silly currentTree +-- asn1@0.2.3
274 silly currentTree +-- assert-plus@0.2.0
274 silly currentTree +-- async-each@1.0.0
274 silly currentTree +-- async@1.5.2
274 silly currentTree +-- aws-sign2@0.6.0
274 silly currentTree +-- aws4@1.4.1
274 silly currentTree +-- balanced-match@0.4.1
274 silly currentTree +-- basic-auth@1.0.4
274 silly currentTree +-- binary-extensions@1.5.0
274 silly currentTree +-- bl@1.1.2
274 silly currentTree | +-- isarray@1.0.0
274 silly currentTree | `-- readable-stream@2.0.6
274 silly currentTree +-- bluebird@3.4.1
274 silly currentTree +-- boolbase@1.0.0
274 silly currentTree +-- boom@2.10.1
274 silly currentTree +-- brace-expansion@1.1.5
274 silly currentTree +-- braces@1.8.5
274 silly currentTree +-- browser-fingerprint@0.0.1
274 silly currentTree +-- buffer-shims@1.0.0
274 silly currentTree +-- bunyan@1.8.1
274 silly currentTree +-- bytes@2.3.0
274 silly currentTree +-- camel-case@3.0.0
274 silly currentTree +-- camelcase@2.1.1
274 silly currentTree +-- caseless@0.11.0
274 silly currentTree +-- chalk@1.1.3
274 silly currentTree +-- cheerio@0.20.0
274 silly currentTree +-- chokidar@1.6.0
274 silly currentTree +-- cliui@3.2.0
274 silly currentTree +-- code-point-at@1.0.0
274 silly currentTree +-- combined-stream@1.0.5
274 silly currentTree +-- commander@2.9.0
274 silly currentTree +-- compressible@2.0.8
274 silly currentTree +-- compression@1.6.2
274 silly currentTree +-- concat-map@0.0.1
274 silly currentTree +-- connect@3.4.1
274 silly currentTree +-- core-js@1.2.6
274 silly currentTree +-- core-util-is@1.0.2
274 silly currentTree +-- cross-spawn@4.0.0
274 silly currentTree +-- cryptiles@2.0.5
274 silly currentTree +-- css-parse@1.7.0
274 silly currentTree +-- css-select@1.2.0
274 silly currentTree +-- css-what@2.1.0
274 silly currentTree +-- cssom@0.3.1
274 silly currentTree +-- cssstyle@0.2.36
274 silly currentTree +-- cuid@1.3.8
274 silly currentTree +-- dashdash@1.14.0
274 silly currentTree | `-- assert-plus@1.0.0
274 silly currentTree +-- debug@2.2.0
274 silly currentTree +-- decamelize@1.2.0
274 silly currentTree +-- deep-is@0.1.3
274 silly currentTree +-- delayed-stream@1.0.0
274 silly currentTree +-- depd@1.1.0
274 silly currentTree +-- destroy@1.0.4
274 silly currentTree +-- dom-serializer@0.1.0
274 silly currentTree | `-- domelementtype@1.1.3
274 silly currentTree +-- domelementtype@1.3.0
274 silly currentTree +-- domhandler@2.3.0
274 silly currentTree +-- domutils@1.5.1
274 silly currentTree +-- dtrace-provider@0.6.0
274 silly currentTree +-- ecc-jsbn@0.1.1
274 silly currentTree +-- ee-first@1.1.1
274 silly currentTree +-- ejs@2.4.2
274 silly currentTree +-- encodeurl@1.0.1
274 silly currentTree +-- entities@1.1.1
274 silly currentTree +-- escape-html@1.0.3
274 silly currentTree +-- escape-string-regexp@1.0.5
274 silly currentTree +-- escodegen@1.8.0
274 silly currentTree +-- esprima@2.7.2
274 silly currentTree +-- estraverse@1.9.3
274 silly currentTree +-- esutils@2.0.2
274 silly currentTree +-- etag@1.7.0
274 silly currentTree +-- expand-brackets@0.1.5
274 silly currentTree +-- expand-range@1.8.2
274 silly currentTree +-- extend@3.0.0
274 silly currentTree +-- extglob@0.3.2
274 silly currentTree +-- extsprintf@1.0.2
274 silly currentTree +-- fast-levenshtein@1.1.3
274 silly currentTree +-- filename-regex@2.0.0
274 silly currentTree +-- fill-range@2.2.3
274 silly currentTree +-- finalhandler@0.4.1
274 silly currentTree +-- for-in@0.1.5
274 silly currentTree +-- for-own@0.1.4
274 silly currentTree +-- forever-agent@0.6.1
274 silly currentTree +-- form-data@1.0.0-rc4
274 silly currentTree +-- fresh@0.3.0
274 silly currentTree +-- generate-function@2.0.0
274 silly currentTree +-- generate-object-property@1.2.0
274 silly currentTree +-- get-stdin@4.0.1
274 silly currentTree +-- getpass@0.1.6
274 silly currentTree | `-- assert-plus@1.0.0
274 silly currentTree +-- glob-base@0.3.0
274 silly currentTree +-- glob-parent@2.0.0
274 silly currentTree +-- glob@6.0.4
274 silly currentTree +-- graceful-fs@4.1.4
274 silly currentTree +-- graceful-readlink@1.0.1
274 silly currentTree +-- har-validator@2.0.6
274 silly currentTree +-- has-ansi@2.0.0
274 silly currentTree +-- hawk@3.1.3
274 silly currentTree +-- hexo-asset-image@0.0.2
274 silly currentTree | +-- cheerio@0.19.0
274 silly currentTree | +-- css-select@1.0.0
274 silly currentTree | +-- css-what@1.0.0
274 silly currentTree | +-- domutils@1.4.3
274 silly currentTree | `-- lodash@3.10.1
274 silly currentTree +-- hexo-deployer-git@0.2.0
274 silly currentTree +-- hexo-front-matter@0.2.3
274 silly currentTree +-- hexo-fs@0.1.6
274 silly currentTree +-- hexo-generator-archive@0.1.4
274 silly currentTree | `-- object-assign@2.1.1
274 silly currentTree +-- hexo-generator-category@0.1.3
274 silly currentTree | `-- object-assign@2.1.1
274 silly currentTree +-- hexo-generator-index@0.2.0
274 silly currentTree +-- hexo-generator-search@1.0.2
274 silly currentTree | `-- ejs@1.0.0
274 silly currentTree +-- hexo-generator-sitemap@1.1.2
274 silly currentTree +-- hexo-generator-tag@0.2.0
274 silly currentTree +-- hexo-i18n@0.2.1
274 silly currentTree +-- hexo-log@0.1.2
274 silly currentTree +-- hexo-pagination@0.0.2
274 silly currentTree +-- hexo-renderer-ejs@0.2.0
274 silly currentTree | `-- ejs@1.0.0
274 silly currentTree +-- hexo-renderer-marked@0.2.11
274 silly currentTree +-- hexo-renderer-stylus@0.3.1
274 silly currentTree +-- hexo-server@0.2.0
274 silly currentTree +-- hexo-util@0.6.0
274 silly currentTree +-- hexo@3.2.2
274 silly currentTree | `-- hexo-cli@1.0.2
274 silly currentTree +-- highlight.js@9.5.0
274 silly currentTree +-- hoek@2.16.3
274 silly currentTree +-- html-entities@1.2.0
274 silly currentTree +-- htmlparser2@3.8.3
274 silly currentTree | `-- entities@1.0.0
274 silly currentTree +-- http-errors@1.5.0
274 silly currentTree +-- http-signature@1.1.1
274 silly currentTree +-- inflight@1.0.5
274 silly currentTree +-- inherits@2.0.1
274 silly currentTree +-- invert-kv@1.0.0
274 silly currentTree +-- is-binary-path@1.0.1
274 silly currentTree +-- is-buffer@1.1.3
274 silly currentTree +-- is-dotfile@1.0.2
274 silly currentTree +-- is-equal-shallow@0.1.3
274 silly currentTree +-- is-extendable@0.1.1
274 silly currentTree +-- is-extglob@1.0.0
274 silly currentTree +-- is-fullwidth-code-point@1.0.0
274 silly currentTree +-- is-glob@2.0.1
274 silly currentTree +-- is-my-json-valid@2.13.1
274 silly currentTree +-- is-number@2.1.0
274 silly currentTree +-- is-plain-object@2.0.1
274 silly currentTree | `-- isobject@1.0.2
274 silly currentTree +-- is-posix-bracket@0.1.1
274 silly currentTree +-- is-primitive@2.0.0
274 silly currentTree +-- is-property@1.0.2
274 silly currentTree +-- is-typedarray@1.0.0
274 silly currentTree +-- isarray@0.0.1
274 silly currentTree +-- isexe@1.1.2
274 silly currentTree +-- isobject@2.1.0
274 silly currentTree | `-- isarray@1.0.0
274 silly currentTree +-- isstream@0.1.2
274 silly currentTree +-- jodid25519@1.0.2
274 silly currentTree +-- js-yaml@3.6.1
274 silly currentTree +-- jsbn@0.1.0
274 silly currentTree +-- jsdom@7.2.2
274 silly currentTree +-- json-schema@0.2.2
274 silly currentTree +-- json-stringify-safe@5.0.1
274 silly currentTree +-- jsonparse@1.2.0
274 silly currentTree +-- jsonpointer@2.0.0
274 silly currentTree +-- JSONStream@1.1.3
274 silly currentTree +-- jsprim@1.3.0
274 silly currentTree +-- kind-of@3.0.3
274 silly currentTree +-- lcid@1.0.0
274 silly currentTree +-- levn@0.3.0
274 silly currentTree +-- lodash@4.13.1
274 silly currentTree +-- lower-case@1.1.3
274 silly currentTree +-- lru-cache@4.0.1
274 silly currentTree +-- markdown@0.5.0
274 silly currentTree +-- marked@0.3.5
274 silly currentTree +-- micromatch@2.3.10
274 silly currentTree +-- mime-db@1.23.0
274 silly currentTree +-- mime-types@2.1.11
274 silly currentTree +-- mime@1.3.4
274 silly currentTree +-- minimatch@3.0.2
274 silly currentTree +-- minimist@1.2.0
274 silly currentTree +-- mkdirp@0.5.1
274 silly currentTree | `-- minimist@0.0.8
274 silly currentTree +-- moment-timezone@0.5.4
274 silly currentTree +-- moment@2.13.0
274 silly currentTree +-- morgan@1.7.0
274 silly currentTree +-- ms@0.7.1
274 silly currentTree +-- mv@2.1.1
274 silly currentTree +-- nan@2.4.0
274 silly currentTree +-- ncp@2.0.0
274 silly currentTree +-- negotiator@0.6.1
274 silly currentTree +-- nib@1.1.0
274 silly currentTree | +-- glob@3.2.11
274 silly currentTree | +-- lru-cache@2.7.3
274 silly currentTree | +-- minimatch@0.3.0
274 silly currentTree | +-- mkdirp@0.3.5
274 silly currentTree | +-- sax@0.5.8
274 silly currentTree | +-- source-map@0.1.43
274 silly currentTree | `-- stylus@0.49.3
274 silly currentTree +-- no-case@2.3.0
274 silly currentTree +-- node-fingerprint@0.0.2
274 silly currentTree +-- node-uuid@1.4.7
274 silly currentTree +-- nopt@2.1.2
274 silly currentTree +-- normalize-path@2.0.1
274 silly currentTree +-- nth-check@1.0.1
274 silly currentTree +-- number-is-nan@1.0.0
274 silly currentTree +-- nunjucks@2.4.2
274 silly currentTree +-- nwmatcher@1.3.8
274 silly currentTree +-- oauth-sign@0.8.2
274 silly currentTree +-- object-assign@4.1.0
274 silly currentTree +-- object.omit@2.0.0
274 silly currentTree +-- on-finished@2.3.0
274 silly currentTree +-- on-headers@1.0.1
274 silly currentTree +-- once@1.3.3
274 silly currentTree +-- opn@4.0.2
274 silly currentTree +-- optimist@0.6.1
274 silly currentTree | +-- minimist@0.0.10
274 silly currentTree | `-- wordwrap@0.0.3
274 silly currentTree +-- optionator@0.8.1
274 silly currentTree +-- os-homedir@1.0.1
274 silly currentTree +-- os-locale@1.4.0
274 silly currentTree +-- parse-glob@3.0.4
274 silly currentTree +-- parse5@1.5.1
274 silly currentTree +-- parseurl@1.3.1
274 silly currentTree +-- path-is-absolute@1.0.0
274 silly currentTree +-- pinkie-promise@2.0.1
274 silly currentTree +-- pinkie@2.0.4
274 silly currentTree +-- prelude-ls@1.1.2
274 silly currentTree +-- preserve@0.2.0
274 silly currentTree +-- pretty-hrtime@1.0.2
274 silly currentTree +-- process-nextick-args@1.0.7
274 silly currentTree +-- pseudomap@1.0.2
274 silly currentTree +-- qs@6.2.0
274 silly currentTree +-- randomatic@1.1.5
274 silly currentTree +-- range-parser@1.2.0
274 silly currentTree +-- readable-stream@1.1.14
274 silly currentTree +-- readdirp@2.1.0
274 silly currentTree | +-- isarray@1.0.0
274 silly currentTree | `-- readable-stream@2.1.4
274 silly currentTree +-- regex-cache@0.4.3
274 silly currentTree +-- repeat-element@1.1.2
274 silly currentTree +-- repeat-string@1.5.4
274 silly currentTree +-- request@2.73.0
274 silly currentTree +-- rimraf@2.4.5
274 silly currentTree +-- safe-json-stringify@1.0.3
274 silly currentTree +-- sax@1.2.1
274 silly currentTree +-- send@0.14.1
274 silly currentTree +-- serve-static@1.11.1
274 silly currentTree +-- set-immediate-shim@1.0.1
274 silly currentTree +-- setprototypeof@1.0.1
274 silly currentTree +-- sigmund@1.0.1
274 silly currentTree +-- sntp@1.0.9
274 silly currentTree +-- source-map@0.2.0
274 silly currentTree +-- sprintf-js@1.0.3
274 silly currentTree +-- sshpk@1.8.3
274 silly currentTree | `-- assert-plus@1.0.0
274 silly currentTree +-- statuses@1.3.0
274 silly currentTree +-- string_decoder@0.10.31
274 silly currentTree +-- string-width@1.0.1
274 silly currentTree +-- stringstream@0.0.5
274 silly currentTree +-- strip-ansi@3.0.1
274 silly currentTree +-- strip-indent@1.0.1
274 silly currentTree +-- striptags@2.1.1
274 silly currentTree +-- stylus@0.53.0
274 silly currentTree | +-- glob@3.2.11
274 silly currentTree | +-- lru-cache@2.7.3
274 silly currentTree | +-- minimatch@0.3.0
274 silly currentTree | +-- sax@0.5.8
274 silly currentTree | `-- source-map@0.1.43
274 silly currentTree +-- supports-color@2.0.0
274 silly currentTree +-- swig-extras@0.0.1
274 silly currentTree +-- swig@1.4.2
274 silly currentTree +-- symbol-tree@3.1.4
274 silly currentTree +-- text-table@0.2.0
274 silly currentTree +-- through@2.3.8
274 silly currentTree +-- tildify@1.2.0
274 silly currentTree +-- titlecase@1.1.2
274 silly currentTree +-- tough-cookie@2.2.2
274 silly currentTree +-- tr46@0.0.3
274 silly currentTree +-- tunnel-agent@0.4.3
274 silly currentTree +-- tweetnacl@0.13.3
274 silly currentTree +-- type-check@0.3.2
274 silly currentTree +-- uglify-js@2.4.24
274 silly currentTree | +-- async@0.2.10
274 silly currentTree | +-- camelcase@1.2.1
274 silly currentTree | +-- source-map@0.1.34
274 silly currentTree | +-- window-size@0.1.0
274 silly currentTree | +-- wordwrap@0.0.2
274 silly currentTree | `-- yargs@3.5.4
274 silly currentTree +-- uglify-to-browserify@1.0.2
274 silly currentTree +-- unpipe@1.0.0
274 silly currentTree +-- upper-case@1.1.3
274 silly currentTree +-- util-deprecate@1.0.2
274 silly currentTree +-- utils-merge@1.0.0
274 silly currentTree +-- vary@1.1.0
274 silly currentTree +-- verror@1.3.6
274 silly currentTree +-- warehouse@2.2.0
274 silly currentTree +-- webidl-conversions@2.0.1
274 silly currentTree +-- whatwg-url-compat@0.6.5
274 silly currentTree +-- which@1.2.10
274 silly currentTree +-- window-size@0.1.4
274 silly currentTree +-- wordwrap@1.0.0
274 silly currentTree +-- wrap-ansi@2.0.0
274 silly currentTree +-- wrappy@1.0.2
274 silly currentTree +-- xml-name-validator@2.0.1
274 silly currentTree +-- xtend@4.0.1
274 silly currentTree +-- y18n@3.2.1
274 silly currentTree +-- yallist@2.0.0
274 silly currentTree `-- yargs@3.32.0
275 silly idealTree hexo-site@0.0.0
275 silly idealTree +-- abab@1.0.3
275 silly idealTree +-- abbrev@1.0.9
275 silly idealTree +-- accepts@1.3.3
275 silly idealTree +-- acorn-globals@1.0.9
275 silly idealTree +-- acorn@2.7.0
275 silly idealTree +-- amdefine@1.0.0
275 silly idealTree +-- ansi-regex@2.0.0
275 silly idealTree +-- ansi-styles@2.2.1
275 silly idealTree +-- anymatch@1.3.0
275 silly idealTree +-- archy@1.0.0
275 silly idealTree +-- argparse@1.0.7
275 silly idealTree +-- arr-diff@2.0.0
275 silly idealTree +-- arr-flatten@1.0.1
275 silly idealTree +-- array-unique@0.2.1
275 silly idealTree +-- arrify@1.0.1
275 silly idealTree +-- asap@2.0.4
275 silly idealTree +-- asn1@0.2.3
275 silly idealTree +-- assert-plus@0.2.0
275 silly idealTree +-- async-each@1.0.0
275 silly idealTree +-- async@1.5.2
275 silly idealTree +-- aws-sign2@0.6.0
275 silly idealTree +-- aws4@1.4.1
275 silly idealTree +-- balanced-match@0.4.1
275 silly idealTree +-- basic-auth@1.0.4
275 silly idealTree +-- binary-extensions@1.5.0
275 silly idealTree +-- bl@1.1.2
275 silly idealTree | +-- isarray@1.0.0
275 silly idealTree | `-- readable-stream@2.0.6
275 silly idealTree +-- bluebird@3.4.1
275 silly idealTree +-- boolbase@1.0.0
275 silly idealTree +-- boom@2.10.1
275 silly idealTree +-- brace-expansion@1.1.5
275 silly idealTree +-- braces@1.8.5
275 silly idealTree +-- browser-fingerprint@0.0.1
275 silly idealTree +-- buffer-shims@1.0.0
275 silly idealTree +-- bunyan@1.8.1
275 silly idealTree +-- bytes@2.3.0
275 silly idealTree +-- camel-case@3.0.0
275 silly idealTree +-- camelcase@2.1.1
275 silly idealTree +-- caseless@0.11.0
275 silly idealTree +-- chalk@1.1.3
275 silly idealTree +-- cheerio@0.20.0
275 silly idealTree +-- chokidar@1.6.0
275 silly idealTree +-- cliui@3.2.0
275 silly idealTree +-- code-point-at@1.0.0
275 silly idealTree +-- combined-stream@1.0.5
275 silly idealTree +-- commander@2.9.0
275 silly idealTree +-- compressible@2.0.8
275 silly idealTree +-- compression@1.6.2
275 silly idealTree +-- concat-map@0.0.1
275 silly idealTree +-- connect@3.4.1
275 silly idealTree +-- core-js@1.2.6
275 silly idealTree +-- core-util-is@1.0.2
275 silly idealTree +-- cross-spawn@4.0.0
275 silly idealTree +-- cryptiles@2.0.5
275 silly idealTree +-- css-parse@1.7.0
275 silly idealTree +-- css-select@1.2.0
275 silly idealTree +-- css-what@2.1.0
275 silly idealTree +-- cssom@0.3.1
275 silly idealTree +-- cssstyle@0.2.36
275 silly idealTree +-- cuid@1.3.8
275 silly idealTree +-- dashdash@1.14.0
275 silly idealTree | `-- assert-plus@1.0.0
275 silly idealTree +-- debug@2.2.0
275 silly idealTree +-- decamelize@1.2.0
275 silly idealTree +-- deep-is@0.1.3
275 silly idealTree +-- delayed-stream@1.0.0
275 silly idealTree +-- depd@1.1.0
275 silly idealTree +-- destroy@1.0.4
275 silly idealTree +-- dom-serializer@0.1.0
275 silly idealTree | `-- domelementtype@1.1.3
275 silly idealTree +-- domelementtype@1.3.0
275 silly idealTree +-- domhandler@2.3.0
275 silly idealTree +-- domutils@1.5.1
275 silly idealTree +-- dtrace-provider@0.6.0
275 silly idealTree +-- ecc-jsbn@0.1.1
275 silly idealTree +-- ee-first@1.1.1
275 silly idealTree +-- ejs@2.4.2
275 silly idealTree +-- encodeurl@1.0.1
275 silly idealTree +-- entities@1.1.1
275 silly idealTree +-- escape-html@1.0.3
275 silly idealTree +-- escape-string-regexp@1.0.5
275 silly idealTree +-- escodegen@1.8.0
275 silly idealTree +-- esprima@2.7.2
275 silly idealTree +-- estraverse@1.9.3
275 silly idealTree +-- esutils@2.0.2
275 silly idealTree +-- etag@1.7.0
275 silly idealTree +-- expand-brackets@0.1.5
275 silly idealTree +-- expand-range@1.8.2
275 silly idealTree +-- extend@3.0.0
275 silly idealTree +-- extglob@0.3.2
275 silly idealTree +-- extsprintf@1.0.2
275 silly idealTree +-- fast-levenshtein@1.1.3
275 silly idealTree +-- filename-regex@2.0.0
275 silly idealTree +-- fill-range@2.2.3
275 silly idealTree +-- finalhandler@0.4.1
275 silly idealTree +-- for-in@0.1.5
275 silly idealTree +-- for-own@0.1.4
275 silly idealTree +-- forever-agent@0.6.1
275 silly idealTree +-- form-data@1.0.0-rc4
275 silly idealTree +-- fresh@0.3.0
275 silly idealTree +-- generate-function@2.0.0
275 silly idealTree +-- generate-object-property@1.2.0
275 silly idealTree +-- get-stdin@4.0.1
275 silly idealTree +-- getpass@0.1.6
275 silly idealTree | `-- assert-plus@1.0.0
275 silly idealTree +-- glob-base@0.3.0
275 silly idealTree +-- glob-parent@2.0.0
275 silly idealTree +-- glob@6.0.4
275 silly idealTree +-- graceful-fs@4.1.4
275 silly idealTree +-- graceful-readlink@1.0.1
275 silly idealTree +-- har-validator@2.0.6
275 silly idealTree +-- has-ansi@2.0.0
275 silly idealTree +-- hawk@3.1.3
275 silly idealTree +-- hexo-asset-image@0.0.2
275 silly idealTree | +-- cheerio@0.19.0
275 silly idealTree | +-- css-select@1.0.0
275 silly idealTree | +-- css-what@1.0.0
275 silly idealTree | +-- domutils@1.4.3
275 silly idealTree | `-- lodash@3.10.1
275 silly idealTree +-- hexo-deployer-git@0.2.0
275 silly idealTree +-- hexo-front-matter@0.2.3
275 silly idealTree +-- hexo-fs@0.1.6
275 silly idealTree +-- hexo-generator-archive@0.1.4
275 silly idealTree | `-- object-assign@2.1.1
275 silly idealTree +-- hexo-generator-category@0.1.3
275 silly idealTree | `-- object-assign@2.1.1
275 silly idealTree +-- hexo-generator-index@0.2.0
275 silly idealTree +-- hexo-generator-search@1.0.2
275 silly idealTree | `-- ejs@1.0.0
275 silly idealTree +-- hexo-generator-sitemap@1.1.2
275 silly idealTree +-- hexo-generator-tag@0.2.0
275 silly idealTree +-- hexo-i18n@0.2.1
275 silly idealTree +-- hexo-log@0.1.2
275 silly idealTree +-- hexo-pagination@0.0.2
275 silly idealTree +-- hexo-renderer-ejs@0.2.0
275 silly idealTree | `-- ejs@1.0.0
275 silly idealTree +-- hexo-renderer-marked@0.2.11
275 silly idealTree +-- hexo-renderer-stylus@0.3.1
275 silly idealTree +-- hexo-server@0.2.0
275 silly idealTree +-- hexo-util@0.6.0
275 silly idealTree +-- hexo@3.2.2
275 silly idealTree | `-- hexo-cli@1.0.2
275 silly idealTree +-- highlight.js@9.5.0
275 silly idealTree +-- hoek@2.16.3
275 silly idealTree +-- html-entities@1.2.0
275 silly idealTree +-- htmlparser2@3.8.3
275 silly idealTree | `-- entities@1.0.0
275 silly idealTree +-- http-errors@1.5.0
275 silly idealTree +-- http-signature@1.1.1
275 silly idealTree +-- inflight@1.0.5
275 silly idealTree +-- inherits@2.0.1
275 silly idealTree +-- invert-kv@1.0.0
275 silly idealTree +-- is-binary-path@1.0.1
275 silly idealTree +-- is-buffer@1.1.3
275 silly idealTree +-- is-dotfile@1.0.2
275 silly idealTree +-- is-equal-shallow@0.1.3
275 silly idealTree +-- is-extendable@0.1.1
275 silly idealTree +-- is-extglob@1.0.0
275 silly idealTree +-- is-fullwidth-code-point@1.0.0
275 silly idealTree +-- is-glob@2.0.1
275 silly idealTree +-- is-my-json-valid@2.13.1
275 silly idealTree +-- is-number@2.1.0
275 silly idealTree +-- is-plain-object@2.0.1
275 silly idealTree | `-- isobject@1.0.2
275 silly idealTree +-- is-posix-bracket@0.1.1
275 silly idealTree +-- is-primitive@2.0.0
275 silly idealTree +-- is-property@1.0.2
275 silly idealTree +-- is-typedarray@1.0.0
275 silly idealTree +-- isarray@0.0.1
275 silly idealTree +-- isexe@1.1.2
275 silly idealTree +-- isobject@2.1.0
275 silly idealTree | `-- isarray@1.0.0
275 silly idealTree +-- isstream@0.1.2
275 silly idealTree +-- jodid25519@1.0.2
275 silly idealTree +-- js-yaml@3.6.1
275 silly idealTree +-- jsbn@0.1.0
275 silly idealTree +-- jsdom@7.2.2
275 silly idealTree +-- json-schema@0.2.2
275 silly idealTree +-- json-stringify-safe@5.0.1
275 silly idealTree +-- jsonparse@1.2.0
275 silly idealTree +-- jsonpointer@2.0.0
275 silly idealTree +-- JSONStream@1.1.3
275 silly idealTree +-- jsprim@1.3.0
275 silly idealTree +-- kind-of@3.0.3
275 silly idealTree +-- lcid@1.0.0
275 silly idealTree +-- levn@0.3.0
275 silly idealTree +-- lodash@4.13.1
275 silly idealTree +-- lower-case@1.1.3
275 silly idealTree +-- lru-cache@4.0.1
275 silly idealTree +-- markdown@0.5.0
275 silly idealTree +-- marked@0.3.5
275 silly idealTree +-- micromatch@2.3.10
275 silly idealTree +-- mime-db@1.23.0
275 silly idealTree +-- mime-types@2.1.11
275 silly idealTree +-- mime@1.3.4
275 silly idealTree +-- minimatch@3.0.2
275 silly idealTree +-- minimist@1.2.0
275 silly idealTree +-- mkdirp@0.5.1
275 silly idealTree | `-- minimist@0.0.8
275 silly idealTree +-- moment-timezone@0.5.4
275 silly idealTree +-- moment@2.13.0
275 silly idealTree +-- morgan@1.7.0
275 silly idealTree +-- ms@0.7.1
275 silly idealTree +-- mv@2.1.1
275 silly idealTree +-- nan@2.4.0
275 silly idealTree +-- ncp@2.0.0
275 silly idealTree +-- negotiator@0.6.1
275 silly idealTree +-- nib@1.1.0
275 silly idealTree | +-- glob@3.2.11
275 silly idealTree | +-- lru-cache@2.7.3
275 silly idealTree | +-- minimatch@0.3.0
275 silly idealTree | +-- mkdirp@0.3.5
275 silly idealTree | +-- sax@0.5.8
275 silly idealTree | +-- source-map@0.1.43
275 silly idealTree | `-- stylus@0.49.3
275 silly idealTree +-- no-case@2.3.0
275 silly idealTree +-- node-fingerprint@0.0.2
275 silly idealTree +-- node-uuid@1.4.7
275 silly idealTree +-- nopt@2.1.2
275 silly idealTree +-- normalize-path@2.0.1
275 silly idealTree +-- nth-check@1.0.1
275 silly idealTree +-- number-is-nan@1.0.0
275 silly idealTree +-- nunjucks@2.4.2
275 silly idealTree +-- nwmatcher@1.3.8
275 silly idealTree +-- oauth-sign@0.8.2
275 silly idealTree +-- object-assign@4.1.0
275 silly idealTree +-- object.omit@2.0.0
275 silly idealTree +-- on-finished@2.3.0
275 silly idealTree +-- on-headers@1.0.1
275 silly idealTree +-- once@1.3.3
275 silly idealTree +-- opn@4.0.2
275 silly idealTree +-- optimist@0.6.1
275 silly idealTree | +-- minimist@0.0.10
275 silly idealTree | `-- wordwrap@0.0.3
275 silly idealTree +-- optionator@0.8.1
275 silly idealTree +-- os-homedir@1.0.1
275 silly idealTree +-- os-locale@1.4.0
275 silly idealTree +-- parse-glob@3.0.4
275 silly idealTree +-- parse5@1.5.1
275 silly idealTree +-- parseurl@1.3.1
275 silly idealTree +-- path-is-absolute@1.0.0
275 silly idealTree +-- pinkie-promise@2.0.1
275 silly idealTree +-- pinkie@2.0.4
275 silly idealTree +-- prelude-ls@1.1.2
275 silly idealTree +-- preserve@0.2.0
275 silly idealTree +-- pretty-hrtime@1.0.2
275 silly idealTree +-- process-nextick-args@1.0.7
275 silly idealTree +-- pseudomap@1.0.2
275 silly idealTree +-- qs@6.2.0
275 silly idealTree +-- randomatic@1.1.5
275 silly idealTree +-- range-parser@1.2.0
275 silly idealTree +-- readable-stream@1.1.14
275 silly idealTree +-- readdirp@2.1.0
275 silly idealTree | +-- isarray@1.0.0
275 silly idealTree | `-- readable-stream@2.1.4
275 silly idealTree +-- regex-cache@0.4.3
275 silly idealTree +-- repeat-element@1.1.2
275 silly idealTree +-- repeat-string@1.5.4
275 silly idealTree +-- request@2.73.0
275 silly idealTree +-- rimraf@2.4.5
275 silly idealTree +-- safe-json-stringify@1.0.3
275 silly idealTree +-- sax@1.2.1
275 silly idealTree +-- send@0.14.1
275 silly idealTree +-- serve-static@1.11.1
275 silly idealTree +-- set-immediate-shim@1.0.1
275 silly idealTree +-- setprototypeof@1.0.1
275 silly idealTree +-- sigmund@1.0.1
275 silly idealTree +-- sntp@1.0.9
275 silly idealTree +-- source-map@0.2.0
275 silly idealTree +-- sprintf-js@1.0.3
275 silly idealTree +-- sshpk@1.8.3
275 silly idealTree | `-- assert-plus@1.0.0
275 silly idealTree +-- statuses@1.3.0
275 silly idealTree +-- string_decoder@0.10.31
275 silly idealTree +-- string-width@1.0.1
275 silly idealTree +-- stringstream@0.0.5
275 silly idealTree +-- strip-ansi@3.0.1
275 silly idealTree +-- strip-indent@1.0.1
275 silly idealTree +-- striptags@2.1.1
275 silly idealTree +-- stylus@0.53.0
275 silly idealTree | +-- glob@3.2.11
275 silly idealTree | +-- lru-cache@2.7.3
275 silly idealTree | +-- minimatch@0.3.0
275 silly idealTree | +-- sax@0.5.8
275 silly idealTree | `-- source-map@0.1.43
275 silly idealTree +-- supports-color@2.0.0
275 silly idealTree +-- swig-extras@0.0.1
275 silly idealTree +-- swig@1.4.2
275 silly idealTree +-- symbol-tree@3.1.4
275 silly idealTree +-- text-table@0.2.0
275 silly idealTree +-- through@2.3.8
275 silly idealTree +-- tildify@1.2.0
275 silly idealTree +-- titlecase@1.1.2
275 silly idealTree +-- tough-cookie@2.2.2
275 silly idealTree +-- tr46@0.0.3
275 silly idealTree +-- tunnel-agent@0.4.3
275 silly idealTree +-- tweetnacl@0.13.3
275 silly idealTree +-- type-check@0.3.2
275 silly idealTree +-- uglify-js@2.4.24
275 silly idealTree | +-- async@0.2.10
275 silly idealTree | +-- camelcase@1.2.1
275 silly idealTree | +-- source-map@0.1.34
275 silly idealTree | +-- window-size@0.1.0
275 silly idealTree | +-- wordwrap@0.0.2
275 silly idealTree | `-- yargs@3.5.4
275 silly idealTree +-- uglify-to-browserify@1.0.2
275 silly idealTree +-- unpipe@1.0.0
275 silly idealTree +-- upper-case@1.1.3
275 silly idealTree +-- util-deprecate@1.0.2
275 silly idealTree +-- utils-merge@1.0.0
275 silly idealTree +-- vary@1.1.0
275 silly idealTree +-- verror@1.3.6
275 silly idealTree +-- warehouse@2.2.0
275 silly idealTree +-- webidl-conversions@2.0.1
275 silly idealTree +-- whatwg-url-compat@0.6.5
275 silly idealTree +-- which@1.2.10
275 silly idealTree +-- window-size@0.1.4
275 silly idealTree +-- wordwrap@1.0.0
275 silly idealTree +-- wrap-ansi@2.0.0
275 silly idealTree +-- wrappy@1.0.2
275 silly idealTree +-- xml-name-validator@2.0.1
275 silly idealTree +-- xtend@4.0.1
275 silly idealTree +-- y18n@3.2.1
275 silly idealTree +-- yallist@2.0.0
275 silly idealTree `-- yargs@3.32.0
276 silly generateActionsToTake Starting
277 silly install generateActionsToTake
278 warn checkPermissions Missing write access to I:\\609707451\github\hexo\node_modules\hexo-asset-image
279 silly rollbackFailedOptional Starting
280 silly rollbackFailedOptional Finishing
281 silly runTopLevelLifecycles Starting
282 silly runTopLevelLifecycles Finishing
283 silly install printInstalled
284 warn optional Skipping failed optional dependency /chokidar/fsevents:
285 warn notsup Not compatible with your operating system or architecture: fsevents@1.0.13
286 verbose stack Error: ENOENT: no such file or directory, access 'I:\\609707451\github\hexo\node_modules\hexo-asset-image'
286 verbose stack     at Error (native)
287 verbose cwd I:\\609707451\github\hexo
288 error Windows_NT 10.0.10586
289 error argv "C:\\Program Files\\nodejs\\node.exe" "C:\\Program Files\\nodejs\\node_modules\\npm\\bin\\npm-cli.js" "install" "hexo-asset-image" "--save"
290 error node v6.3.0
291 error npm  v3.10.3
292 error path I:\\609707451\github\hexo\node_modules\hexo-asset-image
293 error code ENOENT
294 error errno -4058
295 error syscall access
296 error enoent ENOENT: no such file or directory, access 'I:\\609707451\github\hexo\node_modules\hexo-asset-image'
297 error enoent ENOENT: no such file or directory, access 'I:\\609707451\github\hexo\node_modules\hexo-asset-image'
297 error enoent This is most likely not a problem with npm itself
297 error enoent and is related to npm not being able to find a file.
298 verbose exit [ -4058, true ]
